<?xml version="1.0" encoding="UTF-8"?>
<testsuite xmlns:xsi="http://www.w3.org/2001/XMLSchema-instance" xsi:noNamespaceSchemaLocation="https://maven.apache.org/surefire/maven-surefire-plugin/xsd/surefire-test-report.xsd" name="TestSuite" time="3.05" tests="7" errors="0" skipped="0" failures="0">
  <properties>
[...]
</properties>
  <testcase name="runScenario" classname="StepDefinitions.Runner" time="0.478"/>
  <testcase name="runScenario" classname="StepDefinitions.Runner" time="0.064"/>
  <testcase name="runScenario" classname="StepDefinitions.Runner" time="0.05"/>
  <testcase name="runScenario" classname="StepDefinitions.Runner" time="0.036"/>
  <testcase name="runScenario" classname="StepDefinitions.Runner" time="0.039"/>
  <testcase name="runScenario" classname="StepDefinitions.Runner" time="0.044"/>
  <testcase name="runScenario" classname="StepDefinitions.Runner" time="0.052"/>
</testsuite>