<?xml version="1.0" encoding="UTF-8"?>
<testng-results ignored="0" total="7" passed="7" failed="0" skipped="0">
  <reporter-output>
  </reporter-output>
  <suite started-at="2022-09-25T18:41:24 CEST" name="57" finished-at="2022-09-25T18:41:26 CEST" duration-ms="2091">
    <groups>
      <group name="cucumber">
        <method signature="AbstractTestNGCucumberTests.runScenario(io.cucumber.testng.PickleWrapper,io.cucumber.testng.FeatureWrapper)[pri:0, instance:StepDefinitions.Runner@2f01783a]" name="runScenario" class="io.cucumber.testng.AbstractTestNGCucumberTests"/>
      </group> <!-- cucumber -->
    </groups>
    <test started-at="2022-09-25T18:41:24 CEST" name="Galaxy S10 (Android 9)" finished-at="2022-09-25T18:41:26 CEST" duration-ms="2091">
      <class name="StepDefinitions.Runner">
        <test-method is-config="true" signature="setUpClass()[pri:0, instance:StepDefinitions.Runner@2f01783a]" started-at="2022-09-25T18:41:24 CEST" name="setUpClass" finished-at="2022-09-25T18:41:25 CEST" duration-ms="751" status="PASS">
          <reporter-output>
          </reporter-output>
        </test-method> <!-- setUpClass -->
        <test-method is-config="true" signature="setUp(java.lang.String,java.lang.String)[pri:0, instance:StepDefinitions.Runner@2f01783a]" started-at="2022-09-25T18:41:25 CEST" name="setUp" finished-at="2022-09-25T18:41:25 CEST" duration-ms="8" status="PASS">
          <params>
            <param index="0">
              <value>
                <![CDATA[0]]>
              </value>
            </param>
            <param index="1">
              <value>
                <![CDATA[local]]>
              </value>
            </param>
          </params>
          <reporter-output>
          </reporter-output>
        </test-method> <!-- setUp -->
        <test-method signature="runScenario(io.cucumber.testng.PickleWrapper,io.cucumber.testng.FeatureWrapper)[pri:0, instance:StepDefinitions.Runner@2f01783a]" started-at="2022-09-25T18:41:25 CEST" name="runScenario" description="Runs Cucumber Scenarios" data-provider="scenarios" finished-at="2022-09-25T18:41:25 CEST" duration-ms="477" status="PASS">
          <params>
            <param index="0">
              <value>
                <![CDATA["Connect to TruskX account using an existing account"]]>
              </value>
            </param>
            <param index="1">
              <value>
                <![CDATA["Optional[Connection]"]]>
              </value>
            </param>
          </params>
          <reporter-output>
          </reporter-output>
        </test-method> <!-- runScenario -->
        <test-method signature="runScenario(io.cucumber.testng.PickleWrapper,io.cucumber.testng.FeatureWrapper)[pri:0, instance:StepDefinitions.Runner@2f01783a]" started-at="2022-09-25T18:41:25 CEST" name="runScenario" description="Runs Cucumber Scenarios" data-provider="scenarios" finished-at="2022-09-25T18:41:25 CEST" duration-ms="29" status="PASS">
          <params>
            <param index="0">
              <value>
                <![CDATA["Connect to TruskX account using an existing account with invalid password"]]>
              </value>
            </param>
            <param index="1">
              <value>
                <![CDATA["Optional[Connection]"]]>
              </value>
            </param>
          </params>
          <reporter-output>
          </reporter-output>
        </test-method> <!-- runScenario -->
        <test-method signature="runScenario(io.cucumber.testng.PickleWrapper,io.cucumber.testng.FeatureWrapper)[pri:0, instance:StepDefinitions.Runner@2f01783a]" started-at="2022-09-25T18:41:25 CEST" name="runScenario" description="Runs Cucumber Scenarios" data-provider="scenarios" finished-at="2022-09-25T18:41:25 CEST" duration-ms="29" status="PASS">
          <params>
            <param index="0">
              <value>
                <![CDATA["Create a post using Truskx account"]]>
              </value>
            </param>
            <param index="1">
              <value>
                <![CDATA["Optional[Posts creation]"]]>
              </value>
            </param>
          </params>
          <reporter-output>
          </reporter-output>
        </test-method> <!-- runScenario -->
        <test-method signature="runScenario(io.cucumber.testng.PickleWrapper,io.cucumber.testng.FeatureWrapper)[pri:0, instance:StepDefinitions.Runner@2f01783a]" started-at="2022-09-25T18:41:25 CEST" name="runScenario" description="Runs Cucumber Scenarios" data-provider="scenarios" finished-at="2022-09-25T18:41:25 CEST" duration-ms="31" status="PASS">
          <params>
            <param index="0">
              <value>
                <![CDATA["Receive SMS notifications"]]>
              </value>
            </param>
            <param index="1">
              <value>
                <![CDATA["Optional[Posts notifications]"]]>
              </value>
            </param>
          </params>
          <reporter-output>
          </reporter-output>
        </test-method> <!-- runScenario -->
        <test-method signature="runScenario(io.cucumber.testng.PickleWrapper,io.cucumber.testng.FeatureWrapper)[pri:0, instance:StepDefinitions.Runner@2f01783a]" started-at="2022-09-25T18:41:25 CEST" name="runScenario" description="Runs Cucumber Scenarios" data-provider="scenarios" finished-at="2022-09-25T18:41:25 CEST" duration-ms="41" status="PASS">
          <params>
            <param index="0">
              <value>
                <![CDATA["Register with invalid phone number"]]>
              </value>
            </param>
            <param index="1">
              <value>
                <![CDATA["Optional[Regestration]"]]>
              </value>
            </param>
          </params>
          <reporter-output>
          </reporter-output>
        </test-method> <!-- runScenario -->
        <test-method signature="runScenario(io.cucumber.testng.PickleWrapper,io.cucumber.testng.FeatureWrapper)[pri:0, instance:StepDefinitions.Runner@2f01783a]" started-at="2022-09-25T18:41:25 CEST" name="runScenario" description="Runs Cucumber Scenarios" data-provider="scenarios" finished-at="2022-09-25T18:41:25 CEST" duration-ms="46" status="PASS">
          <params>
            <param index="0">
              <value>
                <![CDATA["Register with invalid password"]]>
              </value>
            </param>
            <param index="1">
              <value>
                <![CDATA["Optional[Regestration]"]]>
              </value>
            </param>
          </params>
          <reporter-output>
          </reporter-output>
        </test-method> <!-- runScenario -->
        <test-method signature="runScenario(io.cucumber.testng.PickleWrapper,io.cucumber.testng.FeatureWrapper)[pri:0, instance:StepDefinitions.Runner@2f01783a]" started-at="2022-09-25T18:41:25 CEST" name="runScenario" description="Runs Cucumber Scenarios" data-provider="scenarios" finished-at="2022-09-25T18:41:25 CEST" duration-ms="28" status="PASS">
          <params>
            <param index="0">
              <value>
                <![CDATA["Register with valid phone number and password"]]>
              </value>
            </param>
            <param index="1">
              <value>
                <![CDATA["Optional[Regestration]"]]>
              </value>
            </param>
          </params>
          <reporter-output>
          </reporter-output>
        </test-method> <!-- runScenario -->
        <test-method is-config="true" signature="tearDownClass()[pri:0, instance:StepDefinitions.Runner@2f01783a]" started-at="2022-09-25T18:41:25 CEST" name="tearDownClass" finished-at="2022-09-25T18:41:26 CEST" duration-ms="604" status="PASS">
          <reporter-output>
          </reporter-output>
        </test-method> <!-- tearDownClass -->
      </class> <!-- StepDefinitions.Runner -->
    </test> <!-- Galaxy S10 (Android 9) -->
  </suite> <!-- 57 -->
</testng-results>
